<?xml version="1.0" encoding="UTF-8"?>
<testng-results skipped="0" failed="0" ignored="0" total="1" passed="1">
  <reporter-output>
  </reporter-output>
  <suite name="InternetBankingV1" duration-ms="10316" started-at="2021-08-29T16:49:45Z" finished-at="2021-08-29T16:49:56Z">
    <groups>
    </groups>
    <test name="InternetBankingV1 Test" duration-ms="10316" started-at="2021-08-29T16:49:45Z" finished-at="2021-08-29T16:49:56Z">
      <class name="com.internetbanking.testcases.TC_001_LoginPage">
        <test-method status="PASS" signature="setUp(java.lang.String)[pri:0, instance:com.internetbanking.testcases.TC_001_LoginPage@10bdf5e5]" name="setUp" is-config="true" duration-ms="6853" started-at="2021-08-29T16:49:46Z" finished-at="2021-08-29T16:49:52Z">
          <params>
            <param index="0">
              <value>
                <![CDATA[chrome]]>
              </value>
            </param>
          </params>
          <reporter-output>
          </reporter-output>
        </test-method> <!-- setUp -->
        <test-method status="PASS" signature="loginTest()[pri:0, instance:com.internetbanking.testcases.TC_001_LoginPage@10bdf5e5]" name="loginTest" duration-ms="2310" started-at="2021-08-29T16:49:53Z" finished-at="2021-08-29T16:49:55Z">
          <reporter-output>
          </reporter-output>
        </test-method> <!-- loginTest -->
        <test-method status="PASS" signature="tearDown()[pri:0, instance:com.internetbanking.testcases.TC_001_LoginPage@10bdf5e5]" name="tearDown" is-config="true" duration-ms="796" started-at="2021-08-29T16:49:55Z" finished-at="2021-08-29T16:49:56Z">
          <reporter-output>
          </reporter-output>
        </test-method> <!-- tearDown -->
      </class> <!-- com.internetbanking.testcases.TC_001_LoginPage -->
    </test> <!-- InternetBankingV1 Test -->
  </suite> <!-- InternetBankingV1 -->
</testng-results>
